{"C:\\Users\\Riski Putra\\Desktop\\Hacktiv8\\Phase-2\\Individual Project\\p2-iproject-server\\app.js": {"path":"C:\\Users\\Riski Putra\\Desktop\\Hacktiv8\\Phase-2\\Individual Project\\p2-iproject-server\\app.js","statementMap":{"0":{"start":{"line":1,"column":0},"end":{"line":3,"column":1}},"1":{"start":{"line":2,"column":2},"end":{"line":2,"column":29}},"2":{"start":{"line":5,"column":16},"end":{"line":5,"column":34}},"3":{"start":{"line":6,"column":12},"end":{"line":6,"column":21}},"4":{"start":{"line":7,"column":13},"end":{"line":7,"column":37}},"5":{"start":{"line":8,"column":13},"end":{"line":8,"column":28}},"6":{"start":{"line":9,"column":15},"end":{"line":9,"column":34}},"7":{"start":{"line":11,"column":0},"end":{"line":11,"column":24}},"8":{"start":{"line":12,"column":0},"end":{"line":12,"column":48}},"9":{"start":{"line":13,"column":0},"end":{"line":13,"column":16}},"10":{"start":{"line":14,"column":0},"end":{"line":14,"column":16}},"11":{"start":{"line":15,"column":0},"end":{"line":21,"column":3}},"12":{"start":{"line":16,"column":2},"end":{"line":20,"column":3}},"13":{"start":{"line":17,"column":4},"end":{"line":17,"column":63}},"14":{"start":{"line":19,"column":4},"end":{"line":19,"column":62}},"15":{"start":{"line":23,"column":0},"end":{"line":23,"column":21}}},"fnMap":{"0":{"name":"errorHandler","decl":{"start":{"line":15,"column":17},"end":{"line":15,"column":29}},"loc":{"start":{"line":15,"column":53},"end":{"line":21,"column":1}},"line":15}},"branchMap":{"0":{"loc":{"start":{"line":1,"column":0},"end":{"line":3,"column":1}},"type":"if","locations":[{"start":{"line":1,"column":0},"end":{"line":3,"column":1}},{"start":{"line":1,"column":0},"end":{"line":3,"column":1}}],"line":1},"1":{"loc":{"start":{"line":7,"column":13},"end":{"line":7,"column":37}},"type":"binary-expr","locations":[{"start":{"line":7,"column":13},"end":{"line":7,"column":29}},{"start":{"line":7,"column":33},"end":{"line":7,"column":37}}],"line":7},"2":{"loc":{"start":{"line":16,"column":2},"end":{"line":20,"column":3}},"type":"if","locations":[{"start":{"line":16,"column":2},"end":{"line":20,"column":3}},{"start":{"line":16,"column":2},"end":{"line":20,"column":3}}],"line":16}},"s":{"0":3,"1":3,"2":3,"3":3,"4":3,"5":3,"6":3,"7":3,"8":3,"9":3,"10":3,"11":3,"12":10,"13":0,"14":10,"15":3},"f":{"0":10},"b":{"0":[3,0],"1":[3,3],"2":[0,10]},"_coverageSchema":"1a1c01bbd47fc00a2c39e90264f33305004495a9","hash":"5e18beed37745c03ef0a752cf6aa0705a307475c"}
,"C:\\Users\\Riski Putra\\Desktop\\Hacktiv8\\Phase-2\\Individual Project\\p2-iproject-server\\controllers\\hospital.js": {"path":"C:\\Users\\Riski Putra\\Desktop\\Hacktiv8\\Phase-2\\Individual Project\\p2-iproject-server\\controllers\\hospital.js","statementMap":{"0":{"start":{"line":1,"column":25},"end":{"line":1,"column":45}},"1":{"start":{"line":5,"column":4},"end":{"line":10,"column":5}},"2":{"start":{"line":6,"column":22},"end":{"line":6,"column":61}},"3":{"start":{"line":7,"column":6},"end":{"line":7,"column":38}},"4":{"start":{"line":9,"column":6},"end":{"line":9,"column":28}},"5":{"start":{"line":14,"column":4},"end":{"line":19,"column":5}},"6":{"start":{"line":15,"column":20},"end":{"line":15,"column":40}},"7":{"start":{"line":16,"column":6},"end":{"line":16,"column":36}},"8":{"start":{"line":18,"column":6},"end":{"line":18,"column":28}},"9":{"start":{"line":23,"column":0},"end":{"line":23,"column":30}}},"fnMap":{"0":{"name":"(anonymous_0)","decl":{"start":{"line":4,"column":2},"end":{"line":4,"column":3}},"loc":{"start":{"line":4,"column":41},"end":{"line":11,"column":3}},"line":4},"1":{"name":"(anonymous_1)","decl":{"start":{"line":13,"column":2},"end":{"line":13,"column":3}},"loc":{"start":{"line":13,"column":39},"end":{"line":20,"column":3}},"line":13}},"branchMap":{},"s":{"0":3,"1":1,"2":1,"3":1,"4":0,"5":1,"6":1,"7":1,"8":0,"9":3},"f":{"0":1,"1":1},"b":{},"_coverageSchema":"1a1c01bbd47fc00a2c39e90264f33305004495a9","hash":"907bf38217075ace4ad8c426163fb0b0d81e1f6c"}
,"C:\\Users\\Riski Putra\\Desktop\\Hacktiv8\\Phase-2\\Individual Project\\p2-iproject-server\\controllers\\patient.js": {"path":"C:\\Users\\Riski Putra\\Desktop\\Hacktiv8\\Phase-2\\Individual Project\\p2-iproject-server\\controllers\\patient.js","statementMap":{"0":{"start":{"line":1,"column":30},"end":{"line":1,"column":50}},"1":{"start":{"line":2,"column":21},"end":{"line":2,"column":49}},"2":{"start":{"line":3,"column":21},"end":{"line":3,"column":46}},"3":{"start":{"line":7,"column":19},"end":{"line":17,"column":5}},"4":{"start":{"line":18,"column":4},"end":{"line":57,"column":5}},"5":{"start":{"line":19,"column":20},"end":{"line":19,"column":50}},"6":{"start":{"line":20,"column":19},"end":{"line":30,"column":7}},"7":{"start":{"line":31,"column":6},"end":{"line":31,"column":35}},"8":{"start":{"line":33,"column":6},"end":{"line":56,"column":7}},"9":{"start":{"line":34,"column":21},"end":{"line":34,"column":23}},"10":{"start":{"line":35,"column":8},"end":{"line":35,"column":64}},"11":{"start":{"line":35,"column":38},"end":{"line":35,"column":62}},"12":{"start":{"line":36,"column":8},"end":{"line":36,"column":47}},"13":{"start":{"line":37,"column":13},"end":{"line":56,"column":7}},"14":{"start":{"line":38,"column":8},"end":{"line":53,"column":9}},"15":{"start":{"line":39,"column":10},"end":{"line":42,"column":13}},"16":{"start":{"line":43,"column":15},"end":{"line":53,"column":9}},"17":{"start":{"line":44,"column":10},"end":{"line":47,"column":13}},"18":{"start":{"line":49,"column":10},"end":{"line":52,"column":13}},"19":{"start":{"line":55,"column":8},"end":{"line":55,"column":30}},"20":{"start":{"line":61,"column":4},"end":{"line":91,"column":5}},"21":{"start":{"line":62,"column":21},"end":{"line":66,"column":8}},"22":{"start":{"line":67,"column":6},"end":{"line":84,"column":7}},"23":{"start":{"line":68,"column":25},"end":{"line":68,"column":71}},"24":{"start":{"line":69,"column":8},"end":{"line":81,"column":9}},"25":{"start":{"line":70,"column":24},"end":{"line":75,"column":11}},"26":{"start":{"line":77,"column":29},"end":{"line":77,"column":46}},"27":{"start":{"line":78,"column":10},"end":{"line":78,"column":49}},"28":{"start":{"line":80,"column":10},"end":{"line":80,"column":20}},"29":{"start":{"line":83,"column":8},"end":{"line":83,"column":18}},"30":{"start":{"line":86,"column":6},"end":{"line":90,"column":7}},"31":{"start":{"line":87,"column":8},"end":{"line":87,"column":65}},"32":{"start":{"line":89,"column":8},"end":{"line":89,"column":30}},"33":{"start":{"line":95,"column":4},"end":{"line":112,"column":5}},"34":{"start":{"line":96,"column":18},"end":{"line":96,"column":79}},"35":{"start":{"line":97,"column":19},"end":{"line":108,"column":7}},"36":{"start":{"line":109,"column":6},"end":{"line":109,"column":35}},"37":{"start":{"line":111,"column":6},"end":{"line":111,"column":28}},"38":{"start":{"line":116,"column":0},"end":{"line":116,"column":29}}},"fnMap":{"0":{"name":"(anonymous_0)","decl":{"start":{"line":6,"column":2},"end":{"line":6,"column":3}},"loc":{"start":{"line":6,"column":40},"end":{"line":58,"column":3}},"line":6},"1":{"name":"(anonymous_1)","decl":{"start":{"line":35,"column":29},"end":{"line":35,"column":30}},"loc":{"start":{"line":35,"column":38},"end":{"line":35,"column":62}},"line":35},"2":{"name":"(anonymous_2)","decl":{"start":{"line":60,"column":2},"end":{"line":60,"column":3}},"loc":{"start":{"line":60,"column":37},"end":{"line":92,"column":3}},"line":60},"3":{"name":"(anonymous_3)","decl":{"start":{"line":94,"column":2},"end":{"line":94,"column":3}},"loc":{"start":{"line":94,"column":39},"end":{"line":113,"column":3}},"line":94}},"branchMap":{"0":{"loc":{"start":{"line":33,"column":6},"end":{"line":56,"column":7}},"type":"if","locations":[{"start":{"line":33,"column":6},"end":{"line":56,"column":7}},{"start":{"line":33,"column":6},"end":{"line":56,"column":7}}],"line":33},"1":{"loc":{"start":{"line":37,"column":13},"end":{"line":56,"column":7}},"type":"if","locations":[{"start":{"line":37,"column":13},"end":{"line":56,"column":7}},{"start":{"line":37,"column":13},"end":{"line":56,"column":7}}],"line":37},"2":{"loc":{"start":{"line":38,"column":8},"end":{"line":53,"column":9}},"type":"if","locations":[{"start":{"line":38,"column":8},"end":{"line":53,"column":9}},{"start":{"line":38,"column":8},"end":{"line":53,"column":9}}],"line":38},"3":{"loc":{"start":{"line":43,"column":15},"end":{"line":53,"column":9}},"type":"if","locations":[{"start":{"line":43,"column":15},"end":{"line":53,"column":9}},{"start":{"line":43,"column":15},"end":{"line":53,"column":9}}],"line":43},"4":{"loc":{"start":{"line":67,"column":6},"end":{"line":84,"column":7}},"type":"if","locations":[{"start":{"line":67,"column":6},"end":{"line":84,"column":7}},{"start":{"line":67,"column":6},"end":{"line":84,"column":7}}],"line":67},"5":{"loc":{"start":{"line":69,"column":8},"end":{"line":81,"column":9}},"type":"if","locations":[{"start":{"line":69,"column":8},"end":{"line":81,"column":9}},{"start":{"line":69,"column":8},"end":{"line":81,"column":9}}],"line":69},"6":{"loc":{"start":{"line":86,"column":6},"end":{"line":90,"column":7}},"type":"if","locations":[{"start":{"line":86,"column":6},"end":{"line":90,"column":7}},{"start":{"line":86,"column":6},"end":{"line":90,"column":7}}],"line":86}},"s":{"0":3,"1":3,"2":3,"3":3,"4":3,"5":3,"6":1,"7":1,"8":2,"9":1,"10":1,"11":8,"12":1,"13":1,"14":1,"15":1,"16":0,"17":0,"18":0,"19":0,"20":2,"21":2,"22":2,"23":1,"24":1,"25":1,"26":1,"27":1,"28":0,"29":1,"30":1,"31":1,"32":0,"33":0,"34":0,"35":0,"36":0,"37":0,"38":3},"f":{"0":3,"1":8,"2":2,"3":0},"b":{"0":[1,1],"1":[1,0],"2":[1,0],"3":[0,0],"4":[1,1],"5":[1,0],"6":[1,0]},"_coverageSchema":"1a1c01bbd47fc00a2c39e90264f33305004495a9","hash":"440bc4b56f125f3d88458a114476509abd9014ff"}
,"C:\\Users\\Riski Putra\\Desktop\\Hacktiv8\\Phase-2\\Individual Project\\p2-iproject-server\\controllers\\schedule.js": {"path":"C:\\Users\\Riski Putra\\Desktop\\Hacktiv8\\Phase-2\\Individual Project\\p2-iproject-server\\controllers\\schedule.js","statementMap":{"0":{"start":{"line":1,"column":35},"end":{"line":1,"column":55}},"1":{"start":{"line":5,"column":4},"end":{"line":18,"column":5}},"2":{"start":{"line":6,"column":19},"end":{"line":14,"column":8}},"3":{"start":{"line":15,"column":6},"end":{"line":15,"column":35}},"4":{"start":{"line":17,"column":6},"end":{"line":17,"column":28}},"5":{"start":{"line":23,"column":17},"end":{"line":27,"column":5}},"6":{"start":{"line":28,"column":4},"end":{"line":39,"column":5}},"7":{"start":{"line":29,"column":20},"end":{"line":29,"column":49}},"8":{"start":{"line":30,"column":6},"end":{"line":30,"column":36}},"9":{"start":{"line":32,"column":6},"end":{"line":38,"column":7}},"10":{"start":{"line":33,"column":21},"end":{"line":33,"column":23}},"11":{"start":{"line":34,"column":8},"end":{"line":34,"column":64}},"12":{"start":{"line":34,"column":38},"end":{"line":34,"column":62}},"13":{"start":{"line":35,"column":8},"end":{"line":35,"column":50}},"14":{"start":{"line":37,"column":8},"end":{"line":37,"column":30}},"15":{"start":{"line":44,"column":4},"end":{"line":54,"column":5}},"16":{"start":{"line":45,"column":24},"end":{"line":50,"column":8}},"17":{"start":{"line":51,"column":6},"end":{"line":51,"column":40}},"18":{"start":{"line":53,"column":6},"end":{"line":53,"column":28}},"19":{"start":{"line":59,"column":16},"end":{"line":62,"column":5}},"20":{"start":{"line":63,"column":4},"end":{"line":78,"column":5}},"21":{"start":{"line":64,"column":6},"end":{"line":68,"column":9}},"22":{"start":{"line":69,"column":6},"end":{"line":69,"column":79}},"23":{"start":{"line":71,"column":6},"end":{"line":77,"column":7}},"24":{"start":{"line":72,"column":21},"end":{"line":72,"column":23}},"25":{"start":{"line":73,"column":8},"end":{"line":73,"column":64}},"26":{"start":{"line":73,"column":38},"end":{"line":73,"column":62}},"27":{"start":{"line":74,"column":8},"end":{"line":74,"column":47}},"28":{"start":{"line":76,"column":8},"end":{"line":76,"column":30}},"29":{"start":{"line":83,"column":4},"end":{"line":88,"column":5}},"30":{"start":{"line":84,"column":6},"end":{"line":84,"column":64}},"31":{"start":{"line":85,"column":6},"end":{"line":85,"column":75}},"32":{"start":{"line":87,"column":6},"end":{"line":87,"column":28}},"33":{"start":{"line":92,"column":0},"end":{"line":92,"column":30}}},"fnMap":{"0":{"name":"(anonymous_0)","decl":{"start":{"line":3,"column":2},"end":{"line":3,"column":3}},"loc":{"start":{"line":3,"column":44},"end":{"line":19,"column":3}},"line":3},"1":{"name":"(anonymous_1)","decl":{"start":{"line":21,"column":2},"end":{"line":21,"column":3}},"loc":{"start":{"line":21,"column":45},"end":{"line":40,"column":3}},"line":21},"2":{"name":"(anonymous_2)","decl":{"start":{"line":34,"column":29},"end":{"line":34,"column":30}},"loc":{"start":{"line":34,"column":38},"end":{"line":34,"column":62}},"line":34},"3":{"name":"(anonymous_3)","decl":{"start":{"line":42,"column":2},"end":{"line":42,"column":3}},"loc":{"start":{"line":42,"column":39},"end":{"line":55,"column":3}},"line":42},"4":{"name":"(anonymous_4)","decl":{"start":{"line":57,"column":2},"end":{"line":57,"column":3}},"loc":{"start":{"line":57,"column":39},"end":{"line":79,"column":3}},"line":57},"5":{"name":"(anonymous_5)","decl":{"start":{"line":73,"column":29},"end":{"line":73,"column":30}},"loc":{"start":{"line":73,"column":38},"end":{"line":73,"column":62}},"line":73},"6":{"name":"(anonymous_6)","decl":{"start":{"line":81,"column":2},"end":{"line":81,"column":3}},"loc":{"start":{"line":81,"column":42},"end":{"line":89,"column":3}},"line":81}},"branchMap":{"0":{"loc":{"start":{"line":32,"column":6},"end":{"line":38,"column":7}},"type":"if","locations":[{"start":{"line":32,"column":6},"end":{"line":38,"column":7}},{"start":{"line":32,"column":6},"end":{"line":38,"column":7}}],"line":32},"1":{"loc":{"start":{"line":71,"column":6},"end":{"line":77,"column":7}},"type":"if","locations":[{"start":{"line":71,"column":6},"end":{"line":77,"column":7}},{"start":{"line":71,"column":6},"end":{"line":77,"column":7}}],"line":71}},"s":{"0":3,"1":1,"2":1,"3":1,"4":0,"5":3,"6":3,"7":3,"8":1,"9":2,"10":2,"11":2,"12":4,"13":2,"14":0,"15":1,"16":1,"17":1,"18":0,"19":3,"20":3,"21":3,"22":1,"23":2,"24":2,"25":2,"26":4,"27":2,"28":0,"29":1,"30":1,"31":1,"32":0,"33":3},"f":{"0":1,"1":3,"2":4,"3":1,"4":3,"5":4,"6":1},"b":{"0":[2,0],"1":[2,0]},"_coverageSchema":"1a1c01bbd47fc00a2c39e90264f33305004495a9","hash":"76d41c2b716b2f4270a8b84e0b8d196677132681"}
,"C:\\Users\\Riski Putra\\Desktop\\Hacktiv8\\Phase-2\\Individual Project\\p2-iproject-server\\helpers\\bcrypt.js": {"path":"C:\\Users\\Riski Putra\\Desktop\\Hacktiv8\\Phase-2\\Individual Project\\p2-iproject-server\\helpers\\bcrypt.js","statementMap":{"0":{"start":{"line":1,"column":15},"end":{"line":1,"column":34}},"1":{"start":{"line":2,"column":13},"end":{"line":2,"column":30}},"2":{"start":{"line":5,"column":2},"end":{"line":5,"column":40}},"3":{"start":{"line":9,"column":2},"end":{"line":9,"column":45}},"4":{"start":{"line":12,"column":0},"end":{"line":12,"column":43}}},"fnMap":{"0":{"name":"hashPassword","decl":{"start":{"line":4,"column":9},"end":{"line":4,"column":21}},"loc":{"start":{"line":4,"column":32},"end":{"line":6,"column":1}},"line":4},"1":{"name":"validate","decl":{"start":{"line":8,"column":9},"end":{"line":8,"column":17}},"loc":{"start":{"line":8,"column":36},"end":{"line":10,"column":1}},"line":8}},"branchMap":{},"s":{"0":3,"1":3,"2":2,"3":1,"4":3},"f":{"0":2,"1":1},"b":{},"_coverageSchema":"1a1c01bbd47fc00a2c39e90264f33305004495a9","hash":"37a6cc9490612237266413c9b185360c8b413085"}
,"C:\\Users\\Riski Putra\\Desktop\\Hacktiv8\\Phase-2\\Individual Project\\p2-iproject-server\\helpers\\jwt.js": {"path":"C:\\Users\\Riski Putra\\Desktop\\Hacktiv8\\Phase-2\\Individual Project\\p2-iproject-server\\helpers\\jwt.js","statementMap":{"0":{"start":{"line":1,"column":12},"end":{"line":1,"column":35}},"1":{"start":{"line":2,"column":19},"end":{"line":2,"column":41}},"2":{"start":{"line":5,"column":2},"end":{"line":5,"column":38}},"3":{"start":{"line":9,"column":2},"end":{"line":9,"column":38}},"4":{"start":{"line":12,"column":0},"end":{"line":12,"column":37}}},"fnMap":{"0":{"name":"generate","decl":{"start":{"line":4,"column":9},"end":{"line":4,"column":17}},"loc":{"start":{"line":4,"column":27},"end":{"line":6,"column":1}},"line":4},"1":{"name":"verify","decl":{"start":{"line":8,"column":9},"end":{"line":8,"column":15}},"loc":{"start":{"line":8,"column":23},"end":{"line":10,"column":1}},"line":8}},"branchMap":{},"s":{"0":3,"1":3,"2":2,"3":9,"4":3},"f":{"0":2,"1":9},"b":{},"_coverageSchema":"1a1c01bbd47fc00a2c39e90264f33305004495a9","hash":"63917dbcf8ed02fb701f477898442a3e6288c934"}
,"C:\\Users\\Riski Putra\\Desktop\\Hacktiv8\\Phase-2\\Individual Project\\p2-iproject-server\\middlewares\\authentication.js": {"path":"C:\\Users\\Riski Putra\\Desktop\\Hacktiv8\\Phase-2\\Individual Project\\p2-iproject-server\\middlewares\\authentication.js","statementMap":{"0":{"start":{"line":1,"column":20},"end":{"line":1,"column":40}},"1":{"start":{"line":2,"column":19},"end":{"line":2,"column":44}},"2":{"start":{"line":5,"column":21},"end":{"line":5,"column":45}},"3":{"start":{"line":6,"column":2},"end":{"line":29,"column":3}},"4":{"start":{"line":7,"column":4},"end":{"line":22,"column":5}},"5":{"start":{"line":8,"column":20},"end":{"line":8,"column":40}},"6":{"start":{"line":9,"column":22},"end":{"line":13,"column":8}},"7":{"start":{"line":14,"column":6},"end":{"line":19,"column":7}},"8":{"start":{"line":15,"column":8},"end":{"line":15,"column":31}},"9":{"start":{"line":16,"column":8},"end":{"line":16,"column":15}},"10":{"start":{"line":18,"column":8},"end":{"line":18,"column":18}},"11":{"start":{"line":21,"column":6},"end":{"line":21,"column":16}},"12":{"start":{"line":24,"column":4},"end":{"line":28,"column":5}},"13":{"start":{"line":25,"column":6},"end":{"line":25,"column":68}},"14":{"start":{"line":27,"column":6},"end":{"line":27,"column":62}},"15":{"start":{"line":32,"column":0},"end":{"line":32,"column":32}}},"fnMap":{"0":{"name":"authentication","decl":{"start":{"line":4,"column":15},"end":{"line":4,"column":29}},"loc":{"start":{"line":4,"column":46},"end":{"line":30,"column":1}},"line":4}},"branchMap":{"0":{"loc":{"start":{"line":7,"column":4},"end":{"line":22,"column":5}},"type":"if","locations":[{"start":{"line":7,"column":4},"end":{"line":22,"column":5}},{"start":{"line":7,"column":4},"end":{"line":22,"column":5}}],"line":7},"1":{"loc":{"start":{"line":14,"column":6},"end":{"line":19,"column":7}},"type":"if","locations":[{"start":{"line":14,"column":6},"end":{"line":19,"column":7}},{"start":{"line":14,"column":6},"end":{"line":19,"column":7}}],"line":14},"2":{"loc":{"start":{"line":24,"column":4},"end":{"line":28,"column":5}},"type":"if","locations":[{"start":{"line":24,"column":4},"end":{"line":28,"column":5}},{"start":{"line":24,"column":4},"end":{"line":28,"column":5}}],"line":24}},"s":{"0":3,"1":3,"2":14,"3":14,"4":14,"5":9,"6":9,"7":9,"8":9,"9":9,"10":0,"11":5,"12":5,"13":5,"14":0,"15":3},"f":{"0":14},"b":{"0":[9,5],"1":[9,0],"2":[5,0]},"_coverageSchema":"1a1c01bbd47fc00a2c39e90264f33305004495a9","hash":"ab8c1eb5ff20bd88d39051d820554a75df8eeaf1"}
,"C:\\Users\\Riski Putra\\Desktop\\Hacktiv8\\Phase-2\\Individual Project\\p2-iproject-server\\middlewares\\authorization.js": {"path":"C:\\Users\\Riski Putra\\Desktop\\Hacktiv8\\Phase-2\\Individual Project\\p2-iproject-server\\middlewares\\authorization.js","statementMap":{"0":{"start":{"line":1,"column":21},"end":{"line":1,"column":41}},"1":{"start":{"line":4,"column":2},"end":{"line":18,"column":3}},"2":{"start":{"line":5,"column":16},"end":{"line":5,"column":55}},"3":{"start":{"line":6,"column":4},"end":{"line":10,"column":5}},"4":{"start":{"line":7,"column":6},"end":{"line":7,"column":13}},"5":{"start":{"line":9,"column":6},"end":{"line":9,"column":16}},"6":{"start":{"line":12,"column":4},"end":{"line":17,"column":5}},"7":{"start":{"line":13,"column":6},"end":{"line":16,"column":9}},"8":{"start":{"line":21,"column":0},"end":{"line":21,"column":31}}},"fnMap":{"0":{"name":"authorization","decl":{"start":{"line":3,"column":15},"end":{"line":3,"column":28}},"loc":{"start":{"line":3,"column":45},"end":{"line":19,"column":1}},"line":3}},"branchMap":{"0":{"loc":{"start":{"line":6,"column":4},"end":{"line":10,"column":5}},"type":"if","locations":[{"start":{"line":6,"column":4},"end":{"line":10,"column":5}},{"start":{"line":6,"column":4},"end":{"line":10,"column":5}}],"line":6},"1":{"loc":{"start":{"line":12,"column":4},"end":{"line":17,"column":5}},"type":"if","locations":[{"start":{"line":12,"column":4},"end":{"line":17,"column":5}},{"start":{"line":12,"column":4},"end":{"line":17,"column":5}}],"line":12}},"s":{"0":3,"1":5,"2":5,"3":5,"4":5,"5":0,"6":0,"7":0,"8":3},"f":{"0":5},"b":{"0":[5,0],"1":[0,0]},"_coverageSchema":"1a1c01bbd47fc00a2c39e90264f33305004495a9","hash":"45f17b4be50f1cdb248580b64a55c4560f422ecc"}
,"C:\\Users\\Riski Putra\\Desktop\\Hacktiv8\\Phase-2\\Individual Project\\p2-iproject-server\\models\\doctor.js": {"path":"C:\\Users\\Riski Putra\\Desktop\\Hacktiv8\\Phase-2\\Individual Project\\p2-iproject-server\\models\\doctor.js","statementMap":{"0":{"start":{"line":4,"column":4},"end":{"line":4,"column":24}},"1":{"start":{"line":5,"column":0},"end":{"line":41,"column":2}},"2":{"start":{"line":13,"column":6},"end":{"line":13,"column":35}},"3":{"start":{"line":14,"column":6},"end":{"line":14,"column":70}},"4":{"start":{"line":15,"column":6},"end":{"line":15,"column":37}},"5":{"start":{"line":18,"column":2},"end":{"line":39,"column":5}},"6":{"start":{"line":40,"column":2},"end":{"line":40,"column":16}}},"fnMap":{"0":{"name":"(anonymous_0)","decl":{"start":{"line":5,"column":17},"end":{"line":5,"column":18}},"loc":{"start":{"line":5,"column":43},"end":{"line":41,"column":1}},"line":5},"1":{"name":"(anonymous_1)","decl":{"start":{"line":12,"column":4},"end":{"line":12,"column":5}},"loc":{"start":{"line":12,"column":29},"end":{"line":16,"column":5}},"line":12}},"branchMap":{},"s":{"0":3,"1":3,"2":3,"3":3,"4":3,"5":3,"6":3},"f":{"0":3,"1":3},"b":{},"_coverageSchema":"1a1c01bbd47fc00a2c39e90264f33305004495a9","hash":"6c55217625924f78d4303fc7d0667f0dcf622df4"}
,"C:\\Users\\Riski Putra\\Desktop\\Hacktiv8\\Phase-2\\Individual Project\\p2-iproject-server\\models\\index.js": {"path":"C:\\Users\\Riski Putra\\Desktop\\Hacktiv8\\Phase-2\\Individual Project\\p2-iproject-server\\models\\index.js","statementMap":{"0":{"start":{"line":3,"column":11},"end":{"line":3,"column":24}},"1":{"start":{"line":4,"column":13},"end":{"line":4,"column":28}},"2":{"start":{"line":5,"column":18},"end":{"line":5,"column":38}},"3":{"start":{"line":6,"column":17},"end":{"line":6,"column":42}},"4":{"start":{"line":7,"column":12},"end":{"line":7,"column":49}},"5":{"start":{"line":8,"column":15},"end":{"line":8,"column":65}},"6":{"start":{"line":9,"column":11},"end":{"line":9,"column":13}},"7":{"start":{"line":12,"column":0},"end":{"line":16,"column":1}},"8":{"start":{"line":13,"column":2},"end":{"line":13,"column":74}},"9":{"start":{"line":15,"column":2},"end":{"line":15,"column":87}},"10":{"start":{"line":18,"column":0},"end":{"line":26,"column":5}},"11":{"start":{"line":21,"column":4},"end":{"line":21,"column":90}},"12":{"start":{"line":24,"column":18},"end":{"line":24,"column":85}},"13":{"start":{"line":25,"column":4},"end":{"line":25,"column":27}},"14":{"start":{"line":28,"column":0},"end":{"line":32,"column":3}},"15":{"start":{"line":29,"column":2},"end":{"line":31,"column":3}},"16":{"start":{"line":30,"column":4},"end":{"line":30,"column":32}},"17":{"start":{"line":34,"column":0},"end":{"line":34,"column":25}},"18":{"start":{"line":35,"column":0},"end":{"line":35,"column":25}},"19":{"start":{"line":37,"column":0},"end":{"line":37,"column":20}}},"fnMap":{"0":{"name":"(anonymous_0)","decl":{"start":{"line":20,"column":10},"end":{"line":20,"column":11}},"loc":{"start":{"line":20,"column":18},"end":{"line":22,"column":3}},"line":20},"1":{"name":"(anonymous_1)","decl":{"start":{"line":23,"column":11},"end":{"line":23,"column":12}},"loc":{"start":{"line":23,"column":19},"end":{"line":26,"column":3}},"line":23},"2":{"name":"(anonymous_2)","decl":{"start":{"line":28,"column":24},"end":{"line":28,"column":25}},"loc":{"start":{"line":28,"column":37},"end":{"line":32,"column":1}},"line":28}},"branchMap":{"0":{"loc":{"start":{"line":7,"column":12},"end":{"line":7,"column":49}},"type":"binary-expr","locations":[{"start":{"line":7,"column":12},"end":{"line":7,"column":32}},{"start":{"line":7,"column":36},"end":{"line":7,"column":49}}],"line":7},"1":{"loc":{"start":{"line":12,"column":0},"end":{"line":16,"column":1}},"type":"if","locations":[{"start":{"line":12,"column":0},"end":{"line":16,"column":1}},{"start":{"line":12,"column":0},"end":{"line":16,"column":1}}],"line":12},"2":{"loc":{"start":{"line":21,"column":11},"end":{"line":21,"column":89}},"type":"binary-expr","locations":[{"start":{"line":21,"column":12},"end":{"line":21,"column":35}},{"start":{"line":21,"column":41},"end":{"line":21,"column":58}},{"start":{"line":21,"column":64},"end":{"line":21,"column":88}}],"line":21},"3":{"loc":{"start":{"line":29,"column":2},"end":{"line":31,"column":3}},"type":"if","locations":[{"start":{"line":29,"column":2},"end":{"line":31,"column":3}},{"start":{"line":29,"column":2},"end":{"line":31,"column":3}}],"line":29}},"s":{"0":3,"1":3,"2":3,"3":3,"4":3,"5":3,"6":3,"7":3,"8":0,"9":3,"10":3,"11":15,"12":12,"13":12,"14":3,"15":12,"16":12,"17":3,"18":3,"19":3},"f":{"0":15,"1":12,"2":12},"b":{"0":[3,0],"1":[0,3],"2":[15,15,12],"3":[12,0]},"_coverageSchema":"1a1c01bbd47fc00a2c39e90264f33305004495a9","hash":"9881c4efc9b61925fe3092acf4effba1e1a9d4a3"}
,"C:\\Users\\Riski Putra\\Desktop\\Hacktiv8\\Phase-2\\Individual Project\\p2-iproject-server\\models\\patient.js": {"path":"C:\\Users\\Riski Putra\\Desktop\\Hacktiv8\\Phase-2\\Individual Project\\p2-iproject-server\\models\\patient.js","statementMap":{"0":{"start":{"line":4,"column":4},"end":{"line":4,"column":24}},"1":{"start":{"line":5,"column":23},"end":{"line":5,"column":51}},"2":{"start":{"line":6,"column":0},"end":{"line":93,"column":2}},"3":{"start":{"line":14,"column":6},"end":{"line":14,"column":72}},"4":{"start":{"line":15,"column":6},"end":{"line":15,"column":38}},"5":{"start":{"line":18,"column":2},"end":{"line":91,"column":5}},"6":{"start":{"line":86,"column":8},"end":{"line":86,"column":59}},"7":{"start":{"line":92,"column":2},"end":{"line":92,"column":17}}},"fnMap":{"0":{"name":"(anonymous_0)","decl":{"start":{"line":6,"column":17},"end":{"line":6,"column":18}},"loc":{"start":{"line":6,"column":43},"end":{"line":93,"column":1}},"line":6},"1":{"name":"(anonymous_1)","decl":{"start":{"line":13,"column":4},"end":{"line":13,"column":5}},"loc":{"start":{"line":13,"column":29},"end":{"line":16,"column":5}},"line":13},"2":{"name":"(anonymous_2)","decl":{"start":{"line":85,"column":6},"end":{"line":85,"column":7}},"loc":{"start":{"line":85,"column":29},"end":{"line":87,"column":7}},"line":85}},"branchMap":{},"s":{"0":3,"1":3,"2":3,"3":3,"4":3,"5":3,"6":2,"7":3},"f":{"0":3,"1":3,"2":2},"b":{},"_coverageSchema":"1a1c01bbd47fc00a2c39e90264f33305004495a9","hash":"108edbb418235cd3411cae4d53c27ede58311d45"}
,"C:\\Users\\Riski Putra\\Desktop\\Hacktiv8\\Phase-2\\Individual Project\\p2-iproject-server\\models\\poli.js": {"path":"C:\\Users\\Riski Putra\\Desktop\\Hacktiv8\\Phase-2\\Individual Project\\p2-iproject-server\\models\\poli.js","statementMap":{"0":{"start":{"line":4,"column":4},"end":{"line":4,"column":24}},"1":{"start":{"line":5,"column":0},"end":{"line":23,"column":2}},"2":{"start":{"line":13,"column":6},"end":{"line":13,"column":33}},"3":{"start":{"line":16,"column":2},"end":{"line":21,"column":5}},"4":{"start":{"line":22,"column":2},"end":{"line":22,"column":14}}},"fnMap":{"0":{"name":"(anonymous_0)","decl":{"start":{"line":5,"column":17},"end":{"line":5,"column":18}},"loc":{"start":{"line":5,"column":43},"end":{"line":23,"column":1}},"line":5},"1":{"name":"(anonymous_1)","decl":{"start":{"line":12,"column":4},"end":{"line":12,"column":5}},"loc":{"start":{"line":12,"column":29},"end":{"line":14,"column":5}},"line":12}},"branchMap":{},"s":{"0":3,"1":3,"2":3,"3":3,"4":3},"f":{"0":3,"1":3},"b":{},"_coverageSchema":"1a1c01bbd47fc00a2c39e90264f33305004495a9","hash":"5ae35c382bb972320236359c0845a7cd47982817"}
,"C:\\Users\\Riski Putra\\Desktop\\Hacktiv8\\Phase-2\\Individual Project\\p2-iproject-server\\models\\schedule.js": {"path":"C:\\Users\\Riski Putra\\Desktop\\Hacktiv8\\Phase-2\\Individual Project\\p2-iproject-server\\models\\schedule.js","statementMap":{"0":{"start":{"line":2,"column":18},"end":{"line":2,"column":38}},"1":{"start":{"line":3,"column":0},"end":{"line":61,"column":2}},"2":{"start":{"line":11,"column":6},"end":{"line":11,"column":41}},"3":{"start":{"line":12,"column":6},"end":{"line":12,"column":40}},"4":{"start":{"line":15,"column":2},"end":{"line":59,"column":4}},"5":{"start":{"line":30,"column":23},"end":{"line":30,"column":43}},"6":{"start":{"line":32,"column":12},"end":{"line":36,"column":13}},"7":{"start":{"line":33,"column":14},"end":{"line":33,"column":54}},"8":{"start":{"line":35,"column":14},"end":{"line":35,"column":44}},"9":{"start":{"line":37,"column":23},"end":{"line":37,"column":47}},"10":{"start":{"line":38,"column":12},"end":{"line":39,"column":84}},"11":{"start":{"line":39,"column":14},"end":{"line":39,"column":84}},"12":{"start":{"line":48,"column":12},"end":{"line":50,"column":13}},"13":{"start":{"line":49,"column":14},"end":{"line":49,"column":48}},"14":{"start":{"line":60,"column":2},"end":{"line":60,"column":18}}},"fnMap":{"0":{"name":"(anonymous_0)","decl":{"start":{"line":3,"column":17},"end":{"line":3,"column":18}},"loc":{"start":{"line":3,"column":43},"end":{"line":61,"column":1}},"line":3},"1":{"name":"(anonymous_1)","decl":{"start":{"line":10,"column":4},"end":{"line":10,"column":5}},"loc":{"start":{"line":10,"column":29},"end":{"line":13,"column":5}},"line":10},"2":{"name":"(anonymous_2)","decl":{"start":{"line":29,"column":10},"end":{"line":29,"column":11}},"loc":{"start":{"line":29,"column":28},"end":{"line":40,"column":11}},"line":29},"3":{"name":"(anonymous_3)","decl":{"start":{"line":47,"column":10},"end":{"line":47,"column":11}},"loc":{"start":{"line":47,"column":28},"end":{"line":51,"column":11}},"line":47}},"branchMap":{"0":{"loc":{"start":{"line":32,"column":12},"end":{"line":36,"column":13}},"type":"if","locations":[{"start":{"line":32,"column":12},"end":{"line":36,"column":13}},{"start":{"line":32,"column":12},"end":{"line":36,"column":13}}],"line":32},"1":{"loc":{"start":{"line":38,"column":12},"end":{"line":39,"column":84}},"type":"if","locations":[{"start":{"line":38,"column":12},"end":{"line":39,"column":84}},{"start":{"line":38,"column":12},"end":{"line":39,"column":84}}],"line":38},"2":{"loc":{"start":{"line":48,"column":12},"end":{"line":50,"column":13}},"type":"if","locations":[{"start":{"line":48,"column":12},"end":{"line":50,"column":13}},{"start":{"line":48,"column":12},"end":{"line":50,"column":13}}],"line":48}},"s":{"0":3,"1":3,"2":3,"3":3,"4":3,"5":6,"6":6,"7":6,"8":0,"9":6,"10":6,"11":4,"12":6,"13":2,"14":3},"f":{"0":3,"1":3,"2":6,"3":6},"b":{"0":[6,0],"1":[4,2],"2":[2,4]},"_coverageSchema":"1a1c01bbd47fc00a2c39e90264f33305004495a9","hash":"a43b8862f1b31e83ea09f72fa06d24e424c93f91"}
,"C:\\Users\\Riski Putra\\Desktop\\Hacktiv8\\Phase-2\\Individual Project\\p2-iproject-server\\routes\\hospital.js": {"path":"C:\\Users\\Riski Putra\\Desktop\\Hacktiv8\\Phase-2\\Individual Project\\p2-iproject-server\\routes\\hospital.js","statementMap":{"0":{"start":{"line":1,"column":23},"end":{"line":1,"column":50}},"1":{"start":{"line":2,"column":21},"end":{"line":2,"column":55}},"2":{"start":{"line":4,"column":0},"end":{"line":4,"column":53}},"3":{"start":{"line":5,"column":0},"end":{"line":5,"column":49}},"4":{"start":{"line":7,"column":0},"end":{"line":7,"column":31}}},"fnMap":{},"branchMap":{},"s":{"0":3,"1":3,"2":3,"3":3,"4":3},"f":{},"b":{},"_coverageSchema":"1a1c01bbd47fc00a2c39e90264f33305004495a9","hash":"66d01b406093f244dadfc1df166dd2770c3d37de"}
,"C:\\Users\\Riski Putra\\Desktop\\Hacktiv8\\Phase-2\\Individual Project\\p2-iproject-server\\routes\\index.js": {"path":"C:\\Users\\Riski Putra\\Desktop\\Hacktiv8\\Phase-2\\Individual Project\\p2-iproject-server\\routes\\index.js","statementMap":{"0":{"start":{"line":1,"column":15},"end":{"line":1,"column":42}},"1":{"start":{"line":2,"column":23},"end":{"line":2,"column":44}},"2":{"start":{"line":3,"column":22},"end":{"line":3,"column":42}},"3":{"start":{"line":4,"column":23},"end":{"line":4,"column":44}},"4":{"start":{"line":6,"column":0},"end":{"line":6,"column":37}},"5":{"start":{"line":7,"column":0},"end":{"line":7,"column":39}},"6":{"start":{"line":8,"column":0},"end":{"line":8,"column":40}},"7":{"start":{"line":9,"column":0},"end":{"line":9,"column":23}}},"fnMap":{},"branchMap":{},"s":{"0":3,"1":3,"2":3,"3":3,"4":3,"5":3,"6":3,"7":3},"f":{},"b":{},"_coverageSchema":"1a1c01bbd47fc00a2c39e90264f33305004495a9","hash":"671f21f27016bd9efc7ba126721d96d4828360a9"}
,"C:\\Users\\Riski Putra\\Desktop\\Hacktiv8\\Phase-2\\Individual Project\\p2-iproject-server\\routes\\patient.js": {"path":"C:\\Users\\Riski Putra\\Desktop\\Hacktiv8\\Phase-2\\Individual Project\\p2-iproject-server\\routes\\patient.js","statementMap":{"0":{"start":{"line":1,"column":22},"end":{"line":1,"column":49}},"1":{"start":{"line":2,"column":20},"end":{"line":2,"column":53}},"2":{"start":{"line":3,"column":21},"end":{"line":3,"column":61}},"3":{"start":{"line":5,"column":0},"end":{"line":5,"column":53}},"4":{"start":{"line":6,"column":0},"end":{"line":6,"column":47}},"5":{"start":{"line":8,"column":0},"end":{"line":8,"column":31}},"6":{"start":{"line":9,"column":0},"end":{"line":9,"column":46}},"7":{"start":{"line":11,"column":0},"end":{"line":11,"column":30}}},"fnMap":{},"branchMap":{},"s":{"0":3,"1":3,"2":3,"3":3,"4":3,"5":3,"6":3,"7":3},"f":{},"b":{},"_coverageSchema":"1a1c01bbd47fc00a2c39e90264f33305004495a9","hash":"3847ddbc678a0387b3503a2f105335a0044f97a5"}
,"C:\\Users\\Riski Putra\\Desktop\\Hacktiv8\\Phase-2\\Individual Project\\p2-iproject-server\\routes\\schedule.js": {"path":"C:\\Users\\Riski Putra\\Desktop\\Hacktiv8\\Phase-2\\Individual Project\\p2-iproject-server\\routes\\schedule.js","statementMap":{"0":{"start":{"line":1,"column":23},"end":{"line":1,"column":50}},"1":{"start":{"line":2,"column":21},"end":{"line":2,"column":55}},"2":{"start":{"line":3,"column":21},"end":{"line":3,"column":61}},"3":{"start":{"line":4,"column":18},"end":{"line":4,"column":57}},"4":{"start":{"line":6,"column":0},"end":{"line":6,"column":33}},"5":{"start":{"line":7,"column":0},"end":{"line":7,"column":53}},"6":{"start":{"line":8,"column":0},"end":{"line":8,"column":51}},"7":{"start":{"line":9,"column":0},"end":{"line":9,"column":60}},"8":{"start":{"line":10,"column":0},"end":{"line":10,"column":60}},"9":{"start":{"line":11,"column":0},"end":{"line":11,"column":66}},"10":{"start":{"line":13,"column":0},"end":{"line":13,"column":32}}},"fnMap":{},"branchMap":{},"s":{"0":3,"1":3,"2":3,"3":3,"4":3,"5":3,"6":3,"7":3,"8":3,"9":3,"10":3},"f":{},"b":{},"_coverageSchema":"1a1c01bbd47fc00a2c39e90264f33305004495a9","hash":"b48dc7b99d08ca211eddad5cd1d2344d0d0cec84"}
}
