TN:
SF:app.js
FN:15,errorHandler
FNF:1
FNH:1
FNDA:10,errorHandler
DA:1,3
DA:2,3
DA:5,3
DA:6,3
DA:7,3
DA:8,3
DA:9,3
DA:11,3
DA:12,3
DA:13,3
DA:14,3
DA:15,3
DA:16,10
DA:17,0
DA:19,10
DA:23,3
LF:16
LH:15
BRDA:1,0,0,3
BRDA:1,0,1,0
BRDA:7,1,0,3
BRDA:7,1,1,3
BRDA:16,2,0,0
BRDA:16,2,1,10
BRF:6
BRH:4
end_of_record
TN:
SF:controllers\hospital.js
FN:4,(anonymous_0)
FN:13,(anonymous_1)
FNF:2
FNH:2
FNDA:1,(anonymous_0)
FNDA:1,(anonymous_1)
DA:1,3
DA:5,1
DA:6,1
DA:7,1
DA:9,0
DA:14,1
DA:15,1
DA:16,1
DA:18,0
DA:23,3
LF:10
LH:8
BRF:0
BRH:0
end_of_record
TN:
SF:controllers\patient.js
FN:6,(anonymous_0)
FN:35,(anonymous_1)
FN:60,(anonymous_2)
FN:94,(anonymous_3)
FNF:4
FNH:3
FNDA:3,(anonymous_0)
FNDA:8,(anonymous_1)
FNDA:2,(anonymous_2)
FNDA:0,(anonymous_3)
DA:1,3
DA:2,3
DA:3,3
DA:7,3
DA:18,3
DA:19,3
DA:20,1
DA:31,1
DA:33,2
DA:34,1
DA:35,8
DA:36,1
DA:37,1
DA:38,1
DA:39,1
DA:43,0
DA:44,0
DA:49,0
DA:55,0
DA:61,2
DA:62,2
DA:67,2
DA:68,1
DA:69,1
DA:70,1
DA:77,1
DA:78,1
DA:80,0
DA:83,1
DA:86,1
DA:87,1
DA:89,0
DA:95,0
DA:96,0
DA:97,0
DA:109,0
DA:111,0
DA:116,3
LF:38
LH:27
BRDA:33,0,0,1
BRDA:33,0,1,1
BRDA:37,1,0,1
BRDA:37,1,1,0
BRDA:38,2,0,1
BRDA:38,2,1,0
BRDA:43,3,0,0
BRDA:43,3,1,0
BRDA:67,4,0,1
BRDA:67,4,1,1
BRDA:69,5,0,1
BRDA:69,5,1,0
BRDA:86,6,0,1
BRDA:86,6,1,0
BRF:14
BRH:8
end_of_record
TN:
SF:controllers\schedule.js
FN:3,(anonymous_0)
FN:21,(anonymous_1)
FN:34,(anonymous_2)
FN:42,(anonymous_3)
FN:57,(anonymous_4)
FN:73,(anonymous_5)
FN:81,(anonymous_6)
FNF:7
FNH:7
FNDA:1,(anonymous_0)
FNDA:3,(anonymous_1)
FNDA:4,(anonymous_2)
FNDA:1,(anonymous_3)
FNDA:3,(anonymous_4)
FNDA:4,(anonymous_5)
FNDA:1,(anonymous_6)
DA:1,3
DA:5,1
DA:6,1
DA:15,1
DA:17,0
DA:23,3
DA:28,3
DA:29,3
DA:30,1
DA:32,2
DA:33,2
DA:34,4
DA:35,2
DA:37,0
DA:44,1
DA:45,1
DA:51,1
DA:53,0
DA:59,3
DA:63,3
DA:64,3
DA:69,1
DA:71,2
DA:72,2
DA:73,4
DA:74,2
DA:76,0
DA:83,1
DA:84,1
DA:85,1
DA:87,0
DA:92,3
LF:32
LH:27
BRDA:32,0,0,2
BRDA:32,0,1,0
BRDA:71,1,0,2
BRDA:71,1,1,0
BRF:4
BRH:2
end_of_record
TN:
SF:helpers\bcrypt.js
FN:4,hashPassword
FN:8,validate
FNF:2
FNH:2
FNDA:2,hashPassword
FNDA:1,validate
DA:1,3
DA:2,3
DA:5,2
DA:9,1
DA:12,3
LF:5
LH:5
BRF:0
BRH:0
end_of_record
TN:
SF:helpers\jwt.js
FN:4,generate
FN:8,verify
FNF:2
FNH:2
FNDA:2,generate
FNDA:9,verify
DA:1,3
DA:2,3
DA:5,2
DA:9,9
DA:12,3
LF:5
LH:5
BRF:0
BRH:0
end_of_record
TN:
SF:middlewares\authentication.js
FN:4,authentication
FNF:1
FNH:1
FNDA:14,authentication
DA:1,3
DA:2,3
DA:5,14
DA:6,14
DA:7,14
DA:8,9
DA:9,9
DA:14,9
DA:15,9
DA:16,9
DA:18,0
DA:21,5
DA:24,5
DA:25,5
DA:27,0
DA:32,3
LF:16
LH:14
BRDA:7,0,0,9
BRDA:7,0,1,5
BRDA:14,1,0,9
BRDA:14,1,1,0
BRDA:24,2,0,5
BRDA:24,2,1,0
BRF:6
BRH:4
end_of_record
TN:
SF:middlewares\authorization.js
FN:3,authorization
FNF:1
FNH:1
FNDA:5,authorization
DA:1,3
DA:4,5
DA:5,5
DA:6,5
DA:7,5
DA:9,0
DA:12,0
DA:13,0
DA:21,3
LF:9
LH:6
BRDA:6,0,0,5
BRDA:6,0,1,0
BRDA:12,1,0,0
BRDA:12,1,1,0
BRF:4
BRH:1
end_of_record
TN:
SF:models\doctor.js
FN:5,(anonymous_0)
FN:12,(anonymous_1)
FNF:2
FNH:2
FNDA:3,(anonymous_0)
FNDA:3,(anonymous_1)
DA:4,3
DA:5,3
DA:13,3
DA:14,3
DA:15,3
DA:18,3
DA:40,3
LF:7
LH:7
BRF:0
BRH:0
end_of_record
TN:
SF:models\index.js
FN:20,(anonymous_0)
FN:23,(anonymous_1)
FN:28,(anonymous_2)
FNF:3
FNH:3
FNDA:15,(anonymous_0)
FNDA:12,(anonymous_1)
FNDA:12,(anonymous_2)
DA:3,3
DA:4,3
DA:5,3
DA:6,3
DA:7,3
DA:8,3
DA:9,3
DA:12,3
DA:13,0
DA:15,3
DA:18,3
DA:21,15
DA:24,12
DA:25,12
DA:28,3
DA:29,12
DA:30,12
DA:34,3
DA:35,3
DA:37,3
LF:20
LH:19
BRDA:7,0,0,3
BRDA:7,0,1,0
BRDA:12,1,0,0
BRDA:12,1,1,3
BRDA:21,2,0,15
BRDA:21,2,1,15
BRDA:21,2,2,12
BRDA:29,3,0,12
BRDA:29,3,1,0
BRF:9
BRH:6
end_of_record
TN:
SF:models\patient.js
FN:6,(anonymous_0)
FN:13,(anonymous_1)
FN:85,(anonymous_2)
FNF:3
FNH:3
FNDA:3,(anonymous_0)
FNDA:3,(anonymous_1)
FNDA:2,(anonymous_2)
DA:4,3
DA:5,3
DA:6,3
DA:14,3
DA:15,3
DA:18,3
DA:86,2
DA:92,3
LF:8
LH:8
BRF:0
BRH:0
end_of_record
TN:
SF:models\poli.js
FN:5,(anonymous_0)
FN:12,(anonymous_1)
FNF:2
FNH:2
FNDA:3,(anonymous_0)
FNDA:3,(anonymous_1)
DA:4,3
DA:5,3
DA:13,3
DA:16,3
DA:22,3
LF:5
LH:5
BRF:0
BRH:0
end_of_record
TN:
SF:models\schedule.js
FN:3,(anonymous_0)
FN:10,(anonymous_1)
FN:29,(anonymous_2)
FN:47,(anonymous_3)
FNF:4
FNH:4
FNDA:3,(anonymous_0)
FNDA:3,(anonymous_1)
FNDA:6,(anonymous_2)
FNDA:6,(anonymous_3)
DA:2,3
DA:3,3
DA:11,3
DA:12,3
DA:15,3
DA:30,6
DA:32,6
DA:33,6
DA:35,0
DA:37,6
DA:38,6
DA:39,4
DA:48,6
DA:49,2
DA:60,3
LF:15
LH:14
BRDA:32,0,0,6
BRDA:32,0,1,0
BRDA:38,1,0,4
BRDA:38,1,1,2
BRDA:48,2,0,2
BRDA:48,2,1,4
BRF:6
BRH:5
end_of_record
TN:
SF:routes\hospital.js
FNF:0
FNH:0
DA:1,3
DA:2,3
DA:4,3
DA:5,3
DA:7,3
LF:5
LH:5
BRF:0
BRH:0
end_of_record
TN:
SF:routes\index.js
FNF:0
FNH:0
DA:1,3
DA:2,3
DA:3,3
DA:4,3
DA:6,3
DA:7,3
DA:8,3
DA:9,3
LF:8
LH:8
BRF:0
BRH:0
end_of_record
TN:
SF:routes\patient.js
FNF:0
FNH:0
DA:1,3
DA:2,3
DA:3,3
DA:5,3
DA:6,3
DA:8,3
DA:9,3
DA:11,3
LF:8
LH:8
BRF:0
BRH:0
end_of_record
TN:
SF:routes\schedule.js
FNF:0
FNH:0
DA:1,3
DA:2,3
DA:3,3
DA:4,3
DA:6,3
DA:7,3
DA:8,3
DA:9,3
DA:10,3
DA:11,3
DA:13,3
LF:11
LH:11
BRF:0
BRH:0
end_of_record
